<?xml version="1.0" encoding="UTF-8"?>
<!-- Generated by org.testng.reporters.JUnitXMLReporter -->
<testsuite ignored="1" hostname="Lenovo-PC" failures="3" tests="15" name="Test" time="0.598" errors="0" timestamp="2022-06-14T12:19:59 IST">
  <testcase classname="test2.Day1" name="LogOutFunc" time="0.011"/>
  <testcase classname="test2.Day1" name="LoginFunc" time="0.006"/>
  <testcase classname="test2.Day1" name="SignInFunc" time="0.003"/>
  <testcase classname="test2.Day1" name="SignOut" time="0.002"/>
  <testcase classname="test2.Day2" name="FailedHomeLoan" time="0.008">
    <failure type="java.lang.AssertionError" message="expected [true] but found [false]">
      <![CDATA[java.lang.AssertionError: expected [true] but found [false]
at test2.Day2.FailedHomeLoan(Day2.java:24)
at java.base/java.util.ArrayList.forEach(ArrayList.java:1511)
... Removed 31 stack frames]]>
    </failure>
  </testcase> <!-- FailedHomeLoan -->
  <testcase classname="test2.Day2" name="PassedHomeLoan" time="0.008"/>
  <testcase classname="test2.Day3" name="MobileCreditCard" time="0.001"/>
  <testcase classname="test2.Day3" name="MobileDebitCard" time="0.002"/>
  <testcase classname="test2.Day3" name="PhoneChecQueBook" time="0.006"/>
  <testcase classname="test2.Day3" name="PhonePassBook" time="0.003"/>
  <testcase classname="test2.Day4" name="setDataUP" time="0.0">
    <failure type="org.testng.TestNGException" message="
Parameter &amp;apos;URL&amp;apos; is required by @Test on method setDataUP but has not been marked @Optional or defined
in G:\Selenium_4.0\Selenium_Projects\TestNgTutorial1\testng2.xml">
      <![CDATA[org.testng.TestNGException: 
Parameter 'URL' is required by @Test on method setDataUP but has not been marked @Optional or defined
in G:\Selenium_4.0\Selenium_Projects\TestNgTutorial1\testng2.xml
at java.base/java.util.ArrayList.forEach(ArrayList.java:1511)
... Removed 26 stack frames]]>
    </failure>
  </testcase> <!-- setDataUP -->
  <testcase classname="test2.Day4" name="setPassword" time="0.01"/>
  <testcase classname="test2.Day4" name="zallAreDone" time="0.003"/>
  <testcase classname="test2.Day4" name="login" time="0.0">
    <skipped/>
  </testcase> <!-- login -->
  <testcase classname="test2.Day5" name="setGlobalValue" time="0.0">
    <failure type="org.testng.TestNGException" message="
Parameter &amp;apos;URL&amp;apos; is required by @Test on method setGlobalValue but has not been marked @Optional or defined
in G:\Selenium_4.0\Selenium_Projects\TestNgTutorial1\testng2.xml">
      <![CDATA[org.testng.TestNGException: 
Parameter 'URL' is required by @Test on method setGlobalValue but has not been marked @Optional or defined
in G:\Selenium_4.0\Selenium_Projects\TestNgTutorial1\testng2.xml
at java.base/java.util.ArrayList.forEach(ArrayList.java:1511)
... Removed 26 stack frames]]>
    </failure>
  </testcase> <!-- setGlobalValue -->
  <testcase classname="test2.Day4" name="setUsername" time="0.0">
    <ignored/>
  </testcase> <!-- setUsername -->
</testsuite> <!-- Test -->
